0 info it worked if it ends with ok
1 verbose cli [ 'C:\\Program Files\\nodejs\\node.exe',
1 verbose cli   'C:\\Program Files\\nodejs\\node_modules\\npm\\bin\\npm-cli.js',
1 verbose cli   'run',
1 verbose cli   'backend' ]
2 info using npm@3.10.10
3 info using node@v7.3.0
4 verbose run-script [ 'prebackend', 'backend', 'postbackend' ]
5 info lifecycle frontcamp@1.0.0~prebackend: frontcamp@1.0.0
6 silly lifecycle frontcamp@1.0.0~prebackend: no script for prebackend, continuing
7 info lifecycle frontcamp@1.0.0~backend: frontcamp@1.0.0
8 verbose lifecycle frontcamp@1.0.0~backend: unsafe-perm in lifecycle true
9 verbose lifecycle frontcamp@1.0.0~backend: PATH: C:\Program Files\nodejs\node_modules\npm\bin\node-gyp-bin;C:\cygwin64\home\Mikhail_Yamayeu\frontcamp\node_modules\.bin;C:\cygwin64\usr\local\bin;C:\cygwin64\bin;C:\WINDOWS\system32;C:\WINDOWS;C:\WINDOWS\System32\Wbem;C:\WINDOWS\System32\WindowsPowerShell\v1.0;C:\Program Files (x86)\Skype\Phone;C:\Program Files\nodejs;C:\Program Files\Git\cmd;C:\Users\Mikhail_Yamayeu\AppData\Local\Microsoft\WindowsApps;C:\Users\Mikhail_Yamayeu\AppData\Local\atom\bin;C:\Users\Mikhail_Yamayeu\AppData\Roaming\npm
10 verbose lifecycle frontcamp@1.0.0~backend: CWD: C:\cygwin64\home\Mikhail_Yamayeu\frontcamp
11 silly lifecycle frontcamp@1.0.0~backend: Args: [ '/d /s /c', 'node ./bin/www' ]
12 silly lifecycle frontcamp@1.0.0~backend: Returned: code: 1  signal: null
13 info lifecycle frontcamp@1.0.0~backend: Failed to exec backend script
14 verbose stack Error: frontcamp@1.0.0 backend: `node ./bin/www`
14 verbose stack Exit status 1
14 verbose stack     at EventEmitter.<anonymous> (C:\Program Files\nodejs\node_modules\npm\lib\utils\lifecycle.js:255:16)
14 verbose stack     at emitTwo (events.js:106:13)
14 verbose stack     at EventEmitter.emit (events.js:191:7)
14 verbose stack     at ChildProcess.<anonymous> (C:\Program Files\nodejs\node_modules\npm\lib\utils\spawn.js:40:14)
14 verbose stack     at emitTwo (events.js:106:13)
14 verbose stack     at ChildProcess.emit (events.js:191:7)
14 verbose stack     at maybeClose (internal/child_process.js:885:16)
14 verbose stack     at Process.ChildProcess._handle.onexit (internal/child_process.js:226:5)
15 verbose pkgid frontcamp@1.0.0
16 verbose cwd C:\cygwin64\home\Mikhail_Yamayeu\frontcamp
17 error Windows_NT 10.0.14393
18 error argv "C:\\Program Files\\nodejs\\node.exe" "C:\\Program Files\\nodejs\\node_modules\\npm\\bin\\npm-cli.js" "run" "backend"
19 error node v7.3.0
20 error npm  v3.10.10
21 error code ELIFECYCLE
22 error frontcamp@1.0.0 backend: `node ./bin/www`
22 error Exit status 1
23 error Failed at the frontcamp@1.0.0 backend script 'node ./bin/www'.
23 error Make sure you have the latest version of node.js and npm installed.
23 error If you do, this is most likely a problem with the frontcamp package,
23 error not with npm itself.
23 error Tell the author that this fails on your system:
23 error     node ./bin/www
23 error You can get information on how to open an issue for this project with:
23 error     npm bugs frontcamp
23 error Or if that isn't available, you can get their info via:
23 error     npm owner ls frontcamp
23 error There is likely additional logging output above.
24 verbose exit [ 1, true ]
